<?xml version="1.0" encoding="utf-8"?><testsuites name="pytest tests"><testsuite name="pytest" errors="1" failures="0" skipped="0" tests="1" time="0.661" timestamp="2025-09-16T19:52:22.982714+05:30" hostname="DELL"><testcase classname="" name="tests.auth.test_multitenancy" time="0.000"><error message="collection failure">tests\auth\test_multitenancy.py:13: in &lt;module&gt;
    from greenlang.auth import (
greenlang\__init__.py:41: in &lt;module&gt;
    from greenlang.agents import (
greenlang\agents\__init__.py:9: in &lt;module&gt;
    from greenlang.agents.building_profile_agent import BuildingProfileAgent
greenlang\agents\building_profile_agent.py:3: in &lt;module&gt;
    from greenlang.data.models import BuildingType, ClimateZone
greenlang\data\models.py:143: in &lt;module&gt;
    class BuildingInput(BaseModel):
.venv\Lib\site-packages\pydantic\_internal\_model_construction.py:110: in __new__
    config_wrapper = ConfigWrapper.for_model(bases, namespace, kwargs)
                     ^^^^^^^^^^^^^^^^^^^^^^^^^^^^^^^^^^^^^^^^^^^^^^^^^
.venv\Lib\site-packages\pydantic\_internal\_config.py:136: in for_model
    config_from_namespace = config_dict_from_namespace or prepare_config(config_class_from_namespace)
                                                          ^^^^^^^^^^^^^^^^^^^^^^^^^^^^^^^^^^^^^^^^^^^
.venv\Lib\site-packages\pydantic\_internal\_config.py:327: in prepare_config
    check_deprecated(config_dict)
.venv\Lib\site-packages\pydantic\_internal\_config.py:373: in check_deprecated
    warnings.warn(message, UserWarning)
E   UserWarning: Valid config keys have changed in V2:
E   * 'schema_extra' has been renamed to 'json_schema_extra'</error></testcase></testsuite></testsuites>